#
# There is insufficient memory for the Java Runtime Environment to continue.
# Native memory allocation (malloc) failed to allocate 1261696 bytes for Chunk::new
# Possible reasons:
#   The system is out of physical RAM or swap space
#   The process is running with CompressedOops enabled, and the Java Heap may be blocking the growth of the native heap
# Possible solutions:
#   Reduce memory load on the system
#   Increase physical memory or swap space
#   Check if swap backing store is full
#   Decrease Java heap size (-Xmx/-Xms)
#   Decrease number of Java threads
#   Decrease Java thread stack sizes (-Xss)
#   Set larger code cache with -XX:ReservedCodeCacheSize=
#   JVM is running with Unscaled Compressed Oops mode in which the Java heap is
#     placed in the first 4GB address space. The Java Heap base address is the
#     maximum limit for the native heap growth. Please use -XX:HeapBaseMinAddress
#     to set the Java Heap base and to place the Java Heap above 4GB virtual address.
# This output file may be truncated or incomplete.
#
#  Out of Memory Error (./src/hotspot/share/memory/arena.cpp:197), pid=3600, tid=7204
#
# JRE version: OpenJDK Runtime Environment (11.0.10) (build 11.0.10+0-b96-7249189)
# Java VM: OpenJDK 64-Bit Server VM (11.0.10+0-b96-7249189, mixed mode, tiered, compressed oops, g1 gc, windows-amd64)
# No core dump will be written. Minidumps are not enabled by default on client versions of Windows
#

---------------  S U M M A R Y ------------

Command Line: --add-opens=java.base/java.util=ALL-UNNAMED --add-opens=java.base/java.lang=ALL-UNNAMED --add-opens=java.base/java.lang.invoke=ALL-UNNAMED --add-opens=java.base/java.util=ALL-UNNAMED --add-opens=java.prefs/java.util.prefs=ALL-UNNAMED --add-opens=java.prefs/java.util.prefs=ALL-UNNAMED --add-opens=java.base/java.nio.charset=ALL-UNNAMED --add-opens=java.base/java.net=ALL-UNNAMED --add-opens=java.base/java.util.concurrent.atomic=ALL-UNNAMED -Xmx1536M -Dfile.encoding=windows-1252 -Duser.country=IN -Duser.language=en -Duser.variant org.gradle.launcher.daemon.bootstrap.GradleDaemon 7.0.2

Host: Intel(R) Core(TM) i5-8265U CPU @ 1.60GHz, 8 cores, 7G,  Windows 10 , 64 bit Build 22000 (10.0.22000.434)
Time: Sun Jan 16 16:52:21 2022 India Standard Time elapsed time: 7.785393 seconds (0d 0h 0m 7s)

---------------  T H R E A D  ---------------

Current thread (0x000001cbff541000):  JavaThread "C2 CompilerThread0" daemon [_thread_in_native, id=7204, stack(0x00000076ec600000,0x00000076ec700000)]


Current CompileTask:
C2:   7785 5302       4       org.objectweb.asm.Frame::execute (2318 bytes)

Stack: [0x00000076ec600000,0x00000076ec700000]
Native frames: (J=compiled Java code, j=interpreted, Vv=VM code, C=native code)
V  [jvm.dll+0x5ecfaa]
V  [jvm.dll+0x722bd5]
V  [jvm.dll+0x72412d]
V  [jvm.dll+0x7247e3]
V  [jvm.dll+0x242928]
V  [jvm.dll+0xbc4fc]
V  [jvm.dll+0xbca0c]
V  [jvm.dll+0x2b4fd4]
V  [jvm.dll+0x506028]
V  [jvm.dll+0x203253]
V  [jvm.dll+0x1fd07c]
V  [jvm.dll+0x1fa77f]
V  [jvm.dll+0x18354c]
V  [jvm.dll+0x208ee7]
V  [jvm.dll+0x207731]
V  [jvm.dll+0x6eb1cf]
V  [jvm.dll+0x6e3d45]
V  [jvm.dll+0x5ebe96]
C  [ucrtbase.dll+0x26c0c]
C  [KERNEL32.DLL+0x154e0]
C  [ntdll.dll+0x485b]


---------------  P R O C E S S  ---------------

Threads class SMR info:
_java_thread_list=0x000001cb895353d0, length=49, elements={
0x000001cbeb3a4000, 0x000001cbff511800, 0x000001cbff516000, 0x000001cbff533800,
0x000001cbff534800, 0x000001cbff536000, 0x000001cbff541000, 0x000001cb85046000,
0x000001cb8504c800, 0x000001cb851a1800, 0x000001cb869c8000, 0x000001cb867ec000,
0x000001cb86878800, 0x000001cb868cc000, 0x000001cb868cd000, 0x000001cb8613e800,
0x000001cb8613f800, 0x000001cb860cc800, 0x000001cb87425800, 0x000001cb85210000,
0x000001cb8520e800, 0x000001cb8520f000, 0x000001cb8520c000, 0x000001cb8520d800,
0x000001cb85212800, 0x000001cb85211800, 0x000001cb8520d000, 0x000001cb85211000,
0x000001cb891cb800, 0x000001cb891cc800, 0x000001cb891ca800, 0x000001cb891c8000,
0x000001cb891ce800, 0x000001cb891cf800, 0x000001cb891ce000, 0x000001cb891ca000,
0x000001cb891d4800, 0x000001cb891d5800, 0x000001cb891d1000, 0x000001cb891d2000,
0x000001cb891d0800, 0x000001cb891d7000, 0x000001cb891d3800, 0x000001cb891d3000,
0x000001cb891d6000, 0x000001cb8979e000, 0x000001cb8979b800, 0x000001cb89798800,
0x000001cb8979f000
}

Java Threads: ( => current thread )
  0x000001cbeb3a4000 JavaThread "main" [_thread_blocked, id=8732, stack(0x00000076eba00000,0x00000076ebb00000)]
  0x000001cbff511800 JavaThread "Reference Handler" daemon [_thread_blocked, id=15632, stack(0x00000076ec100000,0x00000076ec200000)]
  0x000001cbff516000 JavaThread "Finalizer" daemon [_thread_blocked, id=5128, stack(0x00000076ec200000,0x00000076ec300000)]
  0x000001cbff533800 JavaThread "Signal Dispatcher" daemon [_thread_blocked, id=4228, stack(0x00000076ec300000,0x00000076ec400000)]
  0x000001cbff534800 JavaThread "Attach Listener" daemon [_thread_blocked, id=3496, stack(0x00000076ec400000,0x00000076ec500000)]
  0x000001cbff536000 JavaThread "Service Thread" daemon [_thread_blocked, id=12728, stack(0x00000076ec500000,0x00000076ec600000)]
=>0x000001cbff541000 JavaThread "C2 CompilerThread0" daemon [_thread_in_native, id=7204, stack(0x00000076ec600000,0x00000076ec700000)]
  0x000001cb85046000 JavaThread "C1 CompilerThread0" daemon [_thread_blocked, id=12804, stack(0x00000076ec700000,0x00000076ec800000)]
  0x000001cb8504c800 JavaThread "Sweeper thread" daemon [_thread_blocked, id=12320, stack(0x00000076ec800000,0x00000076ec900000)]
  0x000001cb851a1800 JavaThread "Common-Cleaner" daemon [_thread_blocked, id=17060, stack(0x00000076ec900000,0x00000076eca00000)]
  0x000001cb869c8000 JavaThread "Daemon health stats" [_thread_blocked, id=6568, stack(0x00000076ecd00000,0x00000076ece00000)]
  0x000001cb867ec000 JavaThread "Incoming local TCP Connector on port 12738" [_thread_in_native, id=13488, stack(0x00000076ece00000,0x00000076ecf00000)]
  0x000001cb86878800 JavaThread "Daemon periodic checks" [_thread_blocked, id=15072, stack(0x00000076ecf00000,0x00000076ed000000)]
  0x000001cb868cc000 JavaThread "Daemon" [_thread_blocked, id=10380, stack(0x00000076ed000000,0x00000076ed100000)]
  0x000001cb868cd000 JavaThread "Handler for socket connection from /127.0.0.1:12738 to /127.0.0.1:12739" [_thread_in_native, id=7636, stack(0x00000076ed100000,0x00000076ed200000)]
  0x000001cb8613e800 JavaThread "Cancel handler" [_thread_blocked, id=4116, stack(0x00000076ed200000,0x00000076ed300000)]
  0x000001cb8613f800 JavaThread "Daemon worker" [_thread_in_Java, id=9188, stack(0x00000076ed300000,0x00000076ed400000)]
  0x000001cb860cc800 JavaThread "Asynchronous log dispatcher for DefaultDaemonConnection: socket connection from /127.0.0.1:12738 to /127.0.0.1:12739" [_thread_blocked, id=3796, stack(0x00000076ed400000,0x00000076ed500000)]
  0x000001cb87425800 JavaThread "Stdin handler" [_thread_blocked, id=328, stack(0x00000076ed500000,0x00000076ed600000)]
  0x000001cb85210000 JavaThread "Daemon client event forwarder" [_thread_blocked, id=16088, stack(0x00000076ed600000,0x00000076ed700000)]
  0x000001cb8520e800 JavaThread "Cache worker for file hash cache (C:\Users\sivan\.gradle\caches\7.0.2\fileHashes)" [_thread_blocked, id=16160, stack(0x00000076edc00000,0x00000076edd00000)]
  0x000001cb8520f000 JavaThread "File lock request listener" [_thread_in_native, id=17076, stack(0x00000076edd00000,0x00000076ede00000)]
  0x000001cb8520c000 JavaThread "Cache worker for journal cache (C:\Users\sivan\.gradle\caches\journal-1)" [_thread_blocked, id=13264, stack(0x00000076ede00000,0x00000076edf00000)]
  0x000001cb8520d800 JavaThread "Cache worker for file hash cache (C:\Users\sivan\Desktop\flutter\imin\android\.gradle\7.0.2\fileHashes)" [_thread_blocked, id=14100, stack(0x00000076ee000000,0x00000076ee100000)]
  0x000001cb85212800 JavaThread "File watcher server" daemon [_thread_in_native, id=14620, stack(0x00000076ee100000,0x00000076ee200000)]
  0x000001cb85211800 JavaThread "File watcher consumer" daemon [_thread_blocked, id=16584, stack(0x00000076ee200000,0x00000076ee300000)]
  0x000001cb8520d000 JavaThread "Cache worker for checksums cache (C:\Users\sivan\Desktop\flutter\imin\android\.gradle\checksums)" [_thread_blocked, id=12432, stack(0x00000076ee300000,0x00000076ee400000)]
  0x000001cb85211000 JavaThread "Cache worker for cache directory md-supplier (C:\Users\sivan\.gradle\caches\7.0.2\md-supplier)" [_thread_blocked, id=5328, stack(0x00000076ee400000,0x00000076ee500000)]
  0x000001cb891cb800 JavaThread "Cache worker for cache directory md-rule (C:\Users\sivan\.gradle\caches\7.0.2\md-rule)" [_thread_blocked, id=4848, stack(0x00000076ee500000,0x00000076ee600000)]
  0x000001cb891cc800 JavaThread "Cache worker for execution history cache (C:\Users\sivan\.gradle\caches\7.0.2\executionHistory)" [_thread_blocked, id=636, stack(0x00000076ee600000,0x00000076ee700000)]
  0x000001cb891ca800 JavaThread "jar transforms" [_thread_blocked, id=9684, stack(0x00000076ee700000,0x00000076ee800000)]
  0x000001cb891c8000 JavaThread "jar transforms Thread 2" [_thread_blocked, id=7916, stack(0x00000076ee800000,0x00000076ee900000)]
  0x000001cb891ce800 JavaThread "Cache worker for file content cache (C:\Users\sivan\.gradle\caches\7.0.2\fileContent)" [_thread_blocked, id=7600, stack(0x00000076ee900000,0x00000076eea00000)]
  0x000001cb891cf800 JavaThread "jar transforms Thread 3" [_thread_blocked, id=15552, stack(0x00000076eea00000,0x00000076eeb00000)]
  0x000001cb891ce000 JavaThread "jar transforms Thread 4" [_thread_blocked, id=15572, stack(0x00000076eeb00000,0x00000076eec00000)]
  0x000001cb891ca000 JavaThread "Cache worker for dependencies-accessors (C:\Users\sivan\Desktop\flutter\imin\android\.gradle\7.0.2\dependencies-accessors)" [_thread_blocked, id=9084, stack(0x00000076eec00000,0x00000076eed00000)]
  0x000001cb891d4800 JavaThread "jar transforms Thread 5" [_thread_blocked, id=14500, stack(0x00000076eed00000,0x00000076eee00000)]
  0x000001cb891d5800 JavaThread "Cache worker for Build Output Cleanup Cache (C:\Users\sivan\Desktop\flutter\imin\android\.gradle\buildOutputCleanup)" [_thread_blocked, id=7248, stack(0x00000076eee00000,0x00000076eef00000)]
  0x000001cb891d1000 JavaThread "Build operations" [_thread_blocked, id=3920, stack(0x00000076eef00000,0x00000076ef000000)]
  0x000001cb891d2000 JavaThread "Build operations Thread 2" [_thread_blocked, id=6200, stack(0x00000076ef000000,0x00000076ef100000)]
  0x000001cb891d0800 JavaThread "Build operations Thread 3" [_thread_blocked, id=2380, stack(0x00000076ef100000,0x00000076ef200000)]
  0x000001cb891d7000 JavaThread "Build operations Thread 4" [_thread_blocked, id=8484, stack(0x00000076ef200000,0x00000076ef300000)]
  0x000001cb891d3800 JavaThread "Build operations Thread 5" [_thread_blocked, id=6252, stack(0x00000076ef300000,0x00000076ef400000)]
  0x000001cb891d3000 JavaThread "Build operations Thread 6" [_thread_blocked, id=15760, stack(0x00000076ef400000,0x00000076ef500000)]
  0x000001cb891d6000 JavaThread "Build operations Thread 7" [_thread_blocked, id=1112, stack(0x00000076ef500000,0x00000076ef600000)]
  0x000001cb8979e000 JavaThread "Build operations Thread 8" [_thread_blocked, id=7656, stack(0x00000076ef600000,0x00000076ef700000)]
  0x000001cb8979b800 JavaThread "jar transforms Thread 6" [_thread_blocked, id=10440, stack(0x00000076ef700000,0x00000076ef800000)]
  0x000001cb89798800 JavaThread "jar transforms Thread 7" [_thread_blocked, id=15684, stack(0x00000076ef800000,0x00000076ef900000)]
  0x000001cb8979f000 JavaThread "jar transforms Thread 8" [_thread_blocked, id=14340, stack(0x00000076ef900000,0x00000076efa00000)]

Other Threads:
  0x000001cbff4ef000 VMThread "VM Thread" [stack: 0x00000076ec000000,0x00000076ec100000] [id=1892]
  0x000001cb851c3000 WatcherThread [stack: 0x00000076eca00000,0x00000076ecb00000] [id=13144]
  0x000001cbeb3ba800 GCTaskThread "GC Thread#0" [stack: 0x00000076ebb00000,0x00000076ebc00000] [id=16968]
  0x000001cb85a73000 GCTaskThread "GC Thread#1" [stack: 0x00000076ecb00000,0x00000076ecc00000] [id=4088]
  0x000001cb85d5f000 GCTaskThread "GC Thread#2" [stack: 0x00000076ecc00000,0x00000076ecd00000] [id=12468]
  0x000001cb87466800 GCTaskThread "GC Thread#3" [stack: 0x00000076ed700000,0x00000076ed800000] [id=14260]
  0x000001cb85f47000 GCTaskThread "GC Thread#4" [stack: 0x00000076ed800000,0x00000076ed900000] [id=4220]
  0x000001cb87365000 GCTaskThread "GC Thread#5" [stack: 0x00000076ed900000,0x00000076eda00000] [id=3884]
  0x000001cb874ac800 GCTaskThread "GC Thread#6" [stack: 0x00000076eda00000,0x00000076edb00000] [id=9484]
  0x000001cb8521a000 GCTaskThread "GC Thread#7" [stack: 0x00000076edb00000,0x00000076edc00000] [id=11856]
  0x000001cbeb3e3000 ConcurrentGCThread "G1 Main Marker" [stack: 0x00000076ebc00000,0x00000076ebd00000] [id=3528]
  0x000001cbeb3e5000 ConcurrentGCThread "G1 Conc#0" [stack: 0x00000076ebd00000,0x00000076ebe00000] [id=8176]
  0x000001cb86bce000 ConcurrentGCThread "G1 Conc#1" [stack: 0x00000076edf00000,0x00000076ee000000] [id=9248]
  0x000001cbff360800 ConcurrentGCThread "G1 Refine#0" [stack: 0x00000076ebe00000,0x00000076ebf00000] [id=10876]
  0x000001cbff361800 ConcurrentGCThread "G1 Young RemSet Sampling" [stack: 0x00000076ebf00000,0x00000076ec000000] [id=14528]

Threads with active compile tasks:
C2 CompilerThread0   7839 5302       4       org.objectweb.asm.Frame::execute (2318 bytes)

VM state:not at safepoint (normal execution)

VM Mutex/Monitor currently owned by a thread: None

Heap address: 0x00000000a0000000, size: 1536 MB, Compressed Oops mode: 32-bit
Narrow klass base: 0x0000000000000000, Narrow klass shift: 3
Compressed class space size: 1073741824 Address: 0x0000000100000000

Heap:
 garbage-first heap   total 155648K, used 63874K [0x00000000a0000000, 0x0000000100000000)
  region size 1024K, 28 young (28672K), 11 survivors (11264K)
 Metaspace       used 50562K, capacity 51888K, committed 51968K, reserved 1093632K
  class space    used 6411K, capacity 6910K, committed 6912K, reserved 1048576K
Heap Regions: E=young(eden), S=young(survivor), O=old, HS=humongous(starts), HC=humongous(continues), CS=collection set, F=free, A=archive, TAMS=top-at-mark-start (previous, next)
|   0|0x00000000a0000000, 0x00000000a0100000, 0x00000000a0100000|100%| O|  |TAMS 0x00000000a0100000, 0x00000000a0000000| Untracked 
|   1|0x00000000a0100000, 0x00000000a0200000, 0x00000000a0200000|100%| O|  |TAMS 0x00000000a0200000, 0x00000000a0100000| Untracked 
|   2|0x00000000a0200000, 0x00000000a0300000, 0x00000000a0300000|100%| O|  |TAMS 0x00000000a0300000, 0x00000000a0200000| Untracked 
|   3|0x00000000a0300000, 0x00000000a0400000, 0x00000000a0400000|100%|HS|  |TAMS 0x00000000a0400000, 0x00000000a0300000| Complete 
|   4|0x00000000a0400000, 0x00000000a0500000, 0x00000000a0500000|100%|HC|  |TAMS 0x00000000a0500000, 0x00000000a0400000| Complete 
|   5|0x00000000a0500000, 0x00000000a0600000, 0x00000000a0600000|100%|HC|  |TAMS 0x00000000a0600000, 0x00000000a0500000| Complete 
|   6|0x00000000a0600000, 0x00000000a0700000, 0x00000000a0700000|100%| O|  |TAMS 0x00000000a0700000, 0x00000000a0600000| Untracked 
|   7|0x00000000a0700000, 0x00000000a0800000, 0x00000000a0800000|100%| O|  |TAMS 0x00000000a0800000, 0x00000000a0700000| Untracked 
|   8|0x00000000a0800000, 0x00000000a0900000, 0x00000000a0900000|100%| O|  |TAMS 0x00000000a0900000, 0x00000000a0800000| Untracked 
|   9|0x00000000a0900000, 0x00000000a0a00000, 0x00000000a0a00000|100%| O|  |TAMS 0x00000000a0a00000, 0x00000000a0900000| Untracked 
|  10|0x00000000a0a00000, 0x00000000a0b00000, 0x00000000a0b00000|100%| O|  |TAMS 0x00000000a0b00000, 0x00000000a0a00000| Untracked 
|  11|0x00000000a0b00000, 0x00000000a0c00000, 0x00000000a0c00000|100%| O|  |TAMS 0x00000000a0c00000, 0x00000000a0b00000| Untracked 
|  12|0x00000000a0c00000, 0x00000000a0d00000, 0x00000000a0d00000|100%| O|  |TAMS 0x00000000a0d00000, 0x00000000a0c00000| Untracked 
|  13|0x00000000a0d00000, 0x00000000a0e00000, 0x00000000a0e00000|100%| O|  |TAMS 0x00000000a0e00000, 0x00000000a0d00000| Untracked 
|  14|0x00000000a0e00000, 0x00000000a0f00000, 0x00000000a0f00000|100%| O|  |TAMS 0x00000000a0f00000, 0x00000000a0e00000| Untracked 
|  15|0x00000000a0f00000, 0x00000000a1000000, 0x00000000a1000000|100%| O|  |TAMS 0x00000000a0f7e000, 0x00000000a0f00000| Untracked 
|  16|0x00000000a1000000, 0x00000000a1100000, 0x00000000a1100000|100%|HS|  |TAMS 0x00000000a1000000, 0x00000000a1000000| Complete 
|  17|0x00000000a1100000, 0x00000000a1200000, 0x00000000a1200000|100%|HS|  |TAMS 0x00000000a1100000, 0x00000000a1100000| Complete 
|  18|0x00000000a1200000, 0x00000000a1300000, 0x00000000a1300000|100%|HS|  |TAMS 0x00000000a1200000, 0x00000000a1200000| Complete 
|  19|0x00000000a1300000, 0x00000000a1400000, 0x00000000a1400000|100%| O|  |TAMS 0x00000000a1300000, 0x00000000a1300000| Untracked 
|  20|0x00000000a1400000, 0x00000000a1500000, 0x00000000a1500000|100%| O|  |TAMS 0x00000000a1400000, 0x00000000a1400000| Untracked 
|  21|0x00000000a1500000, 0x00000000a1600000, 0x00000000a1600000|100%| O|  |TAMS 0x00000000a1500000, 0x00000000a1500000| Untracked 
|  22|0x00000000a1600000, 0x00000000a1700000, 0x00000000a1700000|100%| O|  |TAMS 0x00000000a1600000, 0x00000000a1600000| Untracked 
|  23|0x00000000a1700000, 0x00000000a1800000, 0x00000000a1800000|100%| O|  |TAMS 0x00000000a1700000, 0x00000000a1700000| Untracked 
|  24|0x00000000a1800000, 0x00000000a1900000, 0x00000000a1900000|100%| O|  |TAMS 0x00000000a1800000, 0x00000000a1800000| Untracked 
|  25|0x00000000a1900000, 0x00000000a1a00000, 0x00000000a1a00000|100%|HS|  |TAMS 0x00000000a1900000, 0x00000000a1900000| Complete 
|  26|0x00000000a1a00000, 0x00000000a1b00000, 0x00000000a1b00000|100%|HC|  |TAMS 0x00000000a1a00000, 0x00000000a1a00000| Complete 
|  27|0x00000000a1b00000, 0x00000000a1c00000, 0x00000000a1c00000|100%|HC|  |TAMS 0x00000000a1b00000, 0x00000000a1b00000| Complete 
|  28|0x00000000a1c00000, 0x00000000a1d00000, 0x00000000a1d00000|100%|HS|  |TAMS 0x00000000a1c00000, 0x00000000a1c00000| Complete 
|  29|0x00000000a1d00000, 0x00000000a1e00000, 0x00000000a1e00000|100%|HC|  |TAMS 0x00000000a1d00000, 0x00000000a1d00000| Complete 
|  30|0x00000000a1e00000, 0x00000000a1f00000, 0x00000000a1f00000|100%| O|  |TAMS 0x00000000a1e00000, 0x00000000a1e00000| Untracked 
|  31|0x00000000a1f00000, 0x00000000a2000000, 0x00000000a2000000|100%| O|  |TAMS 0x00000000a1f00000, 0x00000000a1f00000| Untracked 
|  32|0x00000000a2000000, 0x00000000a2100000, 0x00000000a2100000|100%| O|  |TAMS 0x00000000a2000000, 0x00000000a2000000| Untracked 
|  33|0x00000000a2100000, 0x00000000a2200000, 0x00000000a2200000|100%| O|  |TAMS 0x00000000a2100000, 0x00000000a2100000| Untracked 
|  34|0x00000000a2200000, 0x00000000a2300000, 0x00000000a2300000|100%| O|  |TAMS 0x00000000a2200000, 0x00000000a2200000| Untracked 
|  35|0x00000000a2300000, 0x00000000a2360800, 0x00000000a2400000| 37%| O|  |TAMS 0x00000000a2300000, 0x00000000a2300000| Untracked 
|  36|0x00000000a2400000, 0x00000000a2400000, 0x00000000a2500000|  0%| F|  |TAMS 0x00000000a2400000, 0x00000000a2400000| Untracked 
|  37|0x00000000a2500000, 0x00000000a2500000, 0x00000000a2600000|  0%| F|  |TAMS 0x00000000a2500000, 0x00000000a2500000| Untracked 
|  38|0x00000000a2600000, 0x00000000a2600000, 0x00000000a2700000|  0%| F|  |TAMS 0x00000000a2600000, 0x00000000a2600000| Untracked 
|  39|0x00000000a2700000, 0x00000000a2700000, 0x00000000a2800000|  0%| F|  |TAMS 0x00000000a2700000, 0x00000000a2700000| Untracked 
|  40|0x00000000a2800000, 0x00000000a2800000, 0x00000000a2900000|  0%| F|  |TAMS 0x00000000a2800000, 0x00000000a2800000| Untracked 
|  41|0x00000000a2900000, 0x00000000a2900000, 0x00000000a2a00000|  0%| F|  |TAMS 0x00000000a2900000, 0x00000000a2900000| Untracked 
|  42|0x00000000a2a00000, 0x00000000a2a00000, 0x00000000a2b00000|  0%| F|  |TAMS 0x00000000a2a00000, 0x00000000a2a00000| Untracked 
|  43|0x00000000a2b00000, 0x00000000a2b00000, 0x00000000a2c00000|  0%| F|  |TAMS 0x00000000a2b00000, 0x00000000a2b00000| Untracked 
|  44|0x00000000a2c00000, 0x00000000a2c00000, 0x00000000a2d00000|  0%| F|  |TAMS 0x00000000a2c00000, 0x00000000a2c00000| Untracked 
|  45|0x00000000a2d00000, 0x00000000a2d00000, 0x00000000a2e00000|  0%| F|  |TAMS 0x00000000a2d00000, 0x00000000a2d00000| Untracked 
|  46|0x00000000a2e00000, 0x00000000a2e00000, 0x00000000a2f00000|  0%| F|  |TAMS 0x00000000a2e00000, 0x00000000a2e00000| Untracked 
|  47|0x00000000a2f00000, 0x00000000a2f00000, 0x00000000a3000000|  0%| F|  |TAMS 0x00000000a2f00000, 0x00000000a2f00000| Untracked 
|  48|0x00000000a3000000, 0x00000000a3000000, 0x00000000a3100000|  0%| F|  |TAMS 0x00000000a3000000, 0x00000000a3000000| Untracked 
|  49|0x00000000a3100000, 0x00000000a3100000, 0x00000000a3200000|  0%| F|  |TAMS 0x00000000a3100000, 0x00000000a3100000| Untracked 
|  50|0x00000000a3200000, 0x00000000a3200000, 0x00000000a3300000|  0%| F|  |TAMS 0x00000000a3200000, 0x00000000a3200000| Untracked 
|  51|0x00000000a3300000, 0x00000000a3300000, 0x00000000a3400000|  0%| F|  |TAMS 0x00000000a3300000, 0x00000000a3300000| Untracked 
|  52|0x00000000a3400000, 0x00000000a3400000, 0x00000000a3500000|  0%| F|  |TAMS 0x00000000a3400000, 0x00000000a3400000| Untracked 
|  53|0x00000000a3500000, 0x00000000a3500000, 0x00000000a3600000|  0%| F|  |TAMS 0x00000000a3500000, 0x00000000a3500000| Untracked 
|  54|0x00000000a3600000, 0x00000000a3600000, 0x00000000a3700000|  0%| F|  |TAMS 0x00000000a3600000, 0x00000000a3600000| Untracked 
|  55|0x00000000a3700000, 0x00000000a3800000, 0x00000000a3800000|100%| S|CS|TAMS 0x00000000a3700000, 0x00000000a3700000| Complete 
|  56|0x00000000a3800000, 0x00000000a3900000, 0x00000000a3900000|100%| S|CS|TAMS 0x00000000a3800000, 0x00000000a3800000| Complete 
|  57|0x00000000a3900000, 0x00000000a3a00000, 0x00000000a3a00000|100%| S|CS|TAMS 0x00000000a3900000, 0x00000000a3900000| Complete 
|  58|0x00000000a3a00000, 0x00000000a3b00000, 0x00000000a3b00000|100%| S|CS|TAMS 0x00000000a3a00000, 0x00000000a3a00000| Complete 
|  59|0x00000000a3b00000, 0x00000000a3c00000, 0x00000000a3c00000|100%| S|CS|TAMS 0x00000000a3b00000, 0x00000000a3b00000| Complete 
|  60|0x00000000a3c00000, 0x00000000a3c00000, 0x00000000a3d00000|  0%| F|  |TAMS 0x00000000a3c00000, 0x00000000a3c00000| Untracked 
|  61|0x00000000a3d00000, 0x00000000a3d00000, 0x00000000a3e00000|  0%| F|  |TAMS 0x00000000a3d00000, 0x00000000a3d00000| Untracked 
|  62|0x00000000a3e00000, 0x00000000a3e00000, 0x00000000a3f00000|  0%| F|  |TAMS 0x00000000a3e00000, 0x00000000a3e00000| Untracked 
|  63|0x00000000a3f00000, 0x00000000a3f00000, 0x00000000a4000000|  0%| F|  |TAMS 0x00000000a3f00000, 0x00000000a3f00000| Untracked 
|  64|0x00000000a4000000, 0x00000000a4000000, 0x00000000a4100000|  0%| F|  |TAMS 0x00000000a4000000, 0x00000000a4000000| Untracked 
|  65|0x00000000a4100000, 0x00000000a4100000, 0x00000000a4200000|  0%| F|  |TAMS 0x00000000a4100000, 0x00000000a4100000| Untracked 
|  66|0x00000000a4200000, 0x00000000a4200000, 0x00000000a4300000|  0%| F|  |TAMS 0x00000000a4200000, 0x00000000a4200000| Untracked 
|  67|0x00000000a4300000, 0x00000000a4400000, 0x00000000a4400000|100%| S|CS|TAMS 0x00000000a4300000, 0x00000000a4300000| Complete 
|  68|0x00000000a4400000, 0x00000000a4500000, 0x00000000a4500000|100%| S|CS|TAMS 0x00000000a4400000, 0x00000000a4400000| Complete 
|  69|0x00000000a4500000, 0x00000000a4600000, 0x00000000a4600000|100%| S|CS|TAMS 0x00000000a4500000, 0x00000000a4500000| Complete 
|  70|0x00000000a4600000, 0x00000000a4700000, 0x00000000a4700000|100%| S|CS|TAMS 0x00000000a4600000, 0x00000000a4600000| Complete 
|  71|0x00000000a4700000, 0x00000000a4800000, 0x00000000a4800000|100%| S|CS|TAMS 0x00000000a4700000, 0x00000000a4700000| Complete 
|  72|0x00000000a4800000, 0x00000000a4900000, 0x00000000a4900000|100%| S|CS|TAMS 0x00000000a4800000, 0x00000000a4800000| Complete 
|  73|0x00000000a4900000, 0x00000000a4900000, 0x00000000a4a00000|  0%| F|  |TAMS 0x00000000a4900000, 0x00000000a4900000| Untracked 
|  74|0x00000000a4a00000, 0x00000000a4a00000, 0x00000000a4b00000|  0%| F|  |TAMS 0x00000000a4a00000, 0x00000000a4a00000| Untracked 
|  75|0x00000000a4b00000, 0x00000000a4b00000, 0x00000000a4c00000|  0%| F|  |TAMS 0x00000000a4b00000, 0x00000000a4b00000| Untracked 
|  76|0x00000000a4c00000, 0x00000000a4c00000, 0x00000000a4d00000|  0%| F|  |TAMS 0x00000000a4c00000, 0x00000000a4c00000| Untracked 
|  77|0x00000000a4d00000, 0x00000000a4d00000, 0x00000000a4e00000|  0%| F|  |TAMS 0x00000000a4d00000, 0x00000000a4d00000| Untracked 
|  78|0x00000000a4e00000, 0x00000000a4e00000, 0x00000000a4f00000|  0%| F|  |TAMS 0x00000000a4e00000, 0x00000000a4e00000| Untracked 
|  79|0x00000000a4f00000, 0x00000000a4f00000, 0x00000000a5000000|  0%| F|  |TAMS 0x00000000a4f00000, 0x00000000a4f00000| Untracked 
|  80|0x00000000a5000000, 0x00000000a5000000, 0x00000000a5100000|  0%| F|  |TAMS 0x00000000a5000000, 0x00000000a5000000| Untracked 
|  81|0x00000000a5100000, 0x00000000a5100000, 0x00000000a5200000|  0%| F|  |TAMS 0x00000000a5100000, 0x00000000a5100000| Untracked 
|  82|0x00000000a5200000, 0x00000000a5200000, 0x00000000a5300000|  0%| F|  |TAMS 0x00000000a5200000, 0x00000000a5200000| Untracked 
|  83|0x00000000a5300000, 0x00000000a5300000, 0x00000000a5400000|  0%| F|  |TAMS 0x00000000a5300000, 0x00000000a5300000| Untracked 
|  84|0x00000000a5400000, 0x00000000a5400000, 0x00000000a5500000|  0%| F|  |TAMS 0x00000000a5400000, 0x00000000a5400000| Untracked 
|  85|0x00000000a5500000, 0x00000000a5500000, 0x00000000a5600000|  0%| F|  |TAMS 0x00000000a5500000, 0x00000000a5500000| Untracked 
|  86|0x00000000a5600000, 0x00000000a5600000, 0x00000000a5700000|  0%| F|  |TAMS 0x00000000a5600000, 0x00000000a5600000| Untracked 
|  87|0x00000000a5700000, 0x00000000a5700000, 0x00000000a5800000|  0%| F|  |TAMS 0x00000000a5700000, 0x00000000a5700000| Untracked 
|  88|0x00000000a5800000, 0x00000000a5800000, 0x00000000a5900000|  0%| F|  |TAMS 0x00000000a5800000, 0x00000000a5800000| Untracked 
|  89|0x00000000a5900000, 0x00000000a5900000, 0x00000000a5a00000|  0%| F|  |TAMS 0x00000000a5900000, 0x00000000a5900000| Untracked 
|  90|0x00000000a5a00000, 0x00000000a5a00000, 0x00000000a5b00000|  0%| F|  |TAMS 0x00000000a5a00000, 0x00000000a5a00000| Untracked 
|  91|0x00000000a5b00000, 0x00000000a5b00000, 0x00000000a5c00000|  0%| F|  |TAMS 0x00000000a5b00000, 0x00000000a5b00000| Untracked 
|  92|0x00000000a5c00000, 0x00000000a5c00000, 0x00000000a5d00000|  0%| F|  |TAMS 0x00000000a5c00000, 0x00000000a5c00000| Untracked 
|  93|0x00000000a5d00000, 0x00000000a5d00000, 0x00000000a5e00000|  0%| F|  |TAMS 0x00000000a5d00000, 0x00000000a5d00000| Untracked 
|  94|0x00000000a5e00000, 0x00000000a5e00000, 0x00000000a5f00000|  0%| F|  |TAMS 0x00000000a5e00000, 0x00000000a5e00000| Untracked 
|  95|0x00000000a5f00000, 0x00000000a5f00000, 0x00000000a6000000|  0%| F|  |TAMS 0x00000000a5f00000, 0x00000000a5f00000| Untracked 
|  96|0x00000000a6000000, 0x00000000a6000000, 0x00000000a6100000|  0%| F|  |TAMS 0x00000000a6000000, 0x00000000a6000000| Untracked 
|  97|0x00000000a6100000, 0x00000000a6100000, 0x00000000a6200000|  0%| F|  |TAMS 0x00000000a6100000, 0x00000000a6100000| Untracked 
|  98|0x00000000a6200000, 0x00000000a6200000, 0x00000000a6300000|  0%| F|  |TAMS 0x00000000a6200000, 0x00000000a6200000| Untracked 
|  99|0x00000000a6300000, 0x00000000a6300000, 0x00000000a6400000|  0%| F|  |TAMS 0x00000000a6300000, 0x00000000a6300000| Untracked 
| 100|0x00000000a6400000, 0x00000000a6400000, 0x00000000a6500000|  0%| F|  |TAMS 0x00000000a6400000, 0x00000000a6400000| Untracked 
| 101|0x00000000a6500000, 0x00000000a6500000, 0x00000000a6600000|  0%| F|  |TAMS 0x00000000a6500000, 0x00000000a6500000| Untracked 
| 102|0x00000000a6600000, 0x00000000a6600000, 0x00000000a6700000|  0%| F|  |TAMS 0x00000000a6600000, 0x00000000a6600000| Untracked 
| 103|0x00000000a6700000, 0x00000000a6700000, 0x00000000a6800000|  0%| F|  |TAMS 0x00000000a6700000, 0x00000000a6700000| Untracked 
| 104|0x00000000a6800000, 0x00000000a6800000, 0x00000000a6900000|  0%| F|  |TAMS 0x00000000a6800000, 0x00000000a6800000| Untracked 
| 105|0x00000000a6900000, 0x00000000a6900000, 0x00000000a6a00000|  0%| F|  |TAMS 0x00000000a6900000, 0x00000000a6900000| Untracked 
| 106|0x00000000a6a00000, 0x00000000a6a00000, 0x00000000a6b00000|  0%| F|  |TAMS 0x00000000a6a00000, 0x00000000a6a00000| Untracked 
| 107|0x00000000a6b00000, 0x00000000a6b00000, 0x00000000a6c00000|  0%| F|  |TAMS 0x00000000a6b00000, 0x00000000a6b00000| Untracked 
| 108|0x00000000a6c00000, 0x00000000a6c00000, 0x00000000a6d00000|  0%| F|  |TAMS 0x00000000a6c00000, 0x00000000a6c00000| Untracked 
| 109|0x00000000a6d00000, 0x00000000a6d00000, 0x00000000a6e00000|  0%| F|  |TAMS 0x00000000a6d00000, 0x00000000a6d00000| Untracked 
| 110|0x00000000a6e00000, 0x00000000a6e00000, 0x00000000a6f00000|  0%| F|  |TAMS 0x00000000a6e00000, 0x00000000a6e00000| Untracked 
| 111|0x00000000a6f00000, 0x00000000a6f00000, 0x00000000a7000000|  0%| F|  |TAMS 0x00000000a6f00000, 0x00000000a6f00000| Untracked 
| 112|0x00000000a7000000, 0x00000000a7000000, 0x00000000a7100000|  0%| F|  |TAMS 0x00000000a7000000, 0x00000000a7000000| Untracked 
| 113|0x00000000a7100000, 0x00000000a7100000, 0x00000000a7200000|  0%| F|  |TAMS 0x00000000a7100000, 0x00000000a7100000| Untracked 
| 114|0x00000000a7200000, 0x00000000a7200000, 0x00000000a7300000|  0%| F|  |TAMS 0x00000000a7200000, 0x00000000a7200000| Untracked 
| 115|0x00000000a7300000, 0x00000000a7300000, 0x00000000a7400000|  0%| F|  |TAMS 0x00000000a7300000, 0x00000000a7300000| Untracked 
| 116|0x00000000a7400000, 0x00000000a7400000, 0x00000000a7500000|  0%| F|  |TAMS 0x00000000a7400000, 0x00000000a7400000| Untracked 
| 117|0x00000000a7500000, 0x00000000a7500000, 0x00000000a7600000|  0%| F|  |TAMS 0x00000000a7500000, 0x00000000a7500000| Untracked 
| 118|0x00000000a7600000, 0x00000000a7600000, 0x00000000a7700000|  0%| F|  |TAMS 0x00000000a7600000, 0x00000000a7600000| Untracked 
| 119|0x00000000a7700000, 0x00000000a7700000, 0x00000000a7800000|  0%| F|  |TAMS 0x00000000a7700000, 0x00000000a7700000| Untracked 
| 120|0x00000000a7800000, 0x00000000a7800000, 0x00000000a7900000|  0%| F|  |TAMS 0x00000000a7800000, 0x00000000a7800000| Untracked 
| 121|0x00000000a7900000, 0x00000000a7900000, 0x00000000a7a00000|  0%| F|  |TAMS 0x00000000a7900000, 0x00000000a7900000| Untracked 
| 122|0x00000000a7a00000, 0x00000000a7a00000, 0x00000000a7b00000|  0%| F|  |TAMS 0x00000000a7a00000, 0x00000000a7a00000| Untracked 
| 123|0x00000000a7b00000, 0x00000000a7b00000, 0x00000000a7c00000|  0%| F|  |TAMS 0x00000000a7b00000, 0x00000000a7b00000| Untracked 
| 124|0x00000000a7c00000, 0x00000000a7c00000, 0x00000000a7d00000|  0%| F|  |TAMS 0x00000000a7c00000, 0x00000000a7c00000| Untracked 
| 125|0x00000000a7d00000, 0x00000000a7d00000, 0x00000000a7e00000|  0%| F|  |TAMS 0x00000000a7d00000, 0x00000000a7d00000| Untracked 
| 126|0x00000000a7e00000, 0x00000000a7e00000, 0x00000000a7f00000|  0%| F|  |TAMS 0x00000000a7e00000, 0x00000000a7e00000| Untracked 
| 127|0x00000000a7f00000, 0x00000000a7f00000, 0x00000000a8000000|  0%| F|  |TAMS 0x00000000a7f00000, 0x00000000a7f00000| Untracked 
| 128|0x00000000a8000000, 0x00000000a8000000, 0x00000000a8100000|  0%| F|  |TAMS 0x00000000a8000000, 0x00000000a8000000| Untracked 
| 129|0x00000000a8100000, 0x00000000a8100000, 0x00000000a8200000|  0%| F|  |TAMS 0x00000000a8100000, 0x00000000a8100000| Untracked 
| 130|0x00000000a8200000, 0x00000000a8200000, 0x00000000a8300000|  0%| F|  |TAMS 0x00000000a8200000, 0x00000000a8200000| Untracked 
| 131|0x00000000a8300000, 0x00000000a8300000, 0x00000000a8400000|  0%| F|  |TAMS 0x00000000a8300000, 0x00000000a8300000| Untracked 
| 132|0x00000000a8400000, 0x00000000a8400000, 0x00000000a8500000|  0%| F|  |TAMS 0x00000000a8400000, 0x00000000a8400000| Untracked 
| 133|0x00000000a8500000, 0x00000000a8500000, 0x00000000a8600000|  0%| F|  |TAMS 0x00000000a8500000, 0x00000000a8500000| Untracked 
| 134|0x00000000a8600000, 0x00000000a8600000, 0x00000000a8700000|  0%| F|  |TAMS 0x00000000a8600000, 0x00000000a8600000| Untracked 
| 135|0x00000000a8700000, 0x00000000a8800000, 0x00000000a8800000|100%| E|  |TAMS 0x00000000a8700000, 0x00000000a8700000| Complete 
| 136|0x00000000a8800000, 0x00000000a8900000, 0x00000000a8900000|100%| E|CS|TAMS 0x00000000a8800000, 0x00000000a8800000| Complete 
| 137|0x00000000a8900000, 0x00000000a8a00000, 0x00000000a8a00000|100%| E|CS|TAMS 0x00000000a8900000, 0x00000000a8900000| Complete 
| 138|0x00000000a8a00000, 0x00000000a8b00000, 0x00000000a8b00000|100%| E|CS|TAMS 0x00000000a8a00000, 0x00000000a8a00000| Complete 
| 139|0x00000000a8b00000, 0x00000000a8c00000, 0x00000000a8c00000|100%| E|CS|TAMS 0x00000000a8b00000, 0x00000000a8b00000| Complete 
| 140|0x00000000a8c00000, 0x00000000a8d00000, 0x00000000a8d00000|100%| E|CS|TAMS 0x00000000a8c00000, 0x00000000a8c00000| Complete 
| 141|0x00000000a8d00000, 0x00000000a8e00000, 0x00000000a8e00000|100%| E|CS|TAMS 0x00000000a8d00000, 0x00000000a8d00000| Complete 
| 142|0x00000000a8e00000, 0x00000000a8f00000, 0x00000000a8f00000|100%| E|CS|TAMS 0x00000000a8e00000, 0x00000000a8e00000| Complete 
| 143|0x00000000a8f00000, 0x00000000a9000000, 0x00000000a9000000|100%| E|CS|TAMS 0x00000000a8f00000, 0x00000000a8f00000| Complete 
| 144|0x00000000a9000000, 0x00000000a9100000, 0x00000000a9100000|100%| E|CS|TAMS 0x00000000a9000000, 0x00000000a9000000| Complete 
| 145|0x00000000a9100000, 0x00000000a9200000, 0x00000000a9200000|100%| E|CS|TAMS 0x00000000a9100000, 0x00000000a9100000| Complete 
| 146|0x00000000a9200000, 0x00000000a9300000, 0x00000000a9300000|100%| E|CS|TAMS 0x00000000a9200000, 0x00000000a9200000| Complete 
| 147|0x00000000a9300000, 0x00000000a9400000, 0x00000000a9400000|100%| E|CS|TAMS 0x00000000a9300000, 0x00000000a9300000| Complete 
| 148|0x00000000a9400000, 0x00000000a9500000, 0x00000000a9500000|100%| E|CS|TAMS 0x00000000a9400000, 0x00000000a9400000| Complete 
| 149|0x00000000a9500000, 0x00000000a9600000, 0x00000000a9600000|100%| E|CS|TAMS 0x00000000a9500000, 0x00000000a9500000| Complete 
| 150|0x00000000a9600000, 0x00000000a9700000, 0x00000000a9700000|100%| E|CS|TAMS 0x00000000a9600000, 0x00000000a9600000| Complete 
| 151|0x00000000a9700000, 0x00000000a9800000, 0x00000000a9800000|100%| E|CS|TAMS 0x00000000a9700000, 0x00000000a9700000| Complete 

Card table byte_map: [0x000001cbfe4c0000,0x000001cbfe7c0000] _byte_map_base: 0x000001cbfdfc0000

Marking Bits (Prev, Next): (CMBitMap*) 0x000001cbeb3dbfe8, (CMBitMap*) 0x000001cbeb3dc020
 Prev Bits: [0x000001cb80000000, 0x000001cb81800000)
 Next Bits: [0x000001cb81800000, 0x000001cb83000000)

Polling page: 0x000001cbe9310000

Metaspace:

Usage:
  Non-class:     43.99 MB capacity,    43.16 MB ( 98%) used,   718.70 KB (  2%) free+waste,   129.75 KB ( <1%) overhead. 
      Class:      6.75 MB capacity,     6.27 MB ( 93%) used,   431.16 KB (  6%) free+waste,    61.88 KB ( <1%) overhead. 
       Both:     50.73 MB capacity,    49.42 MB ( 97%) used,     1.12 MB (  2%) free+waste,   191.63 KB ( <1%) overhead. 

Virtual space:
  Non-class space:       44.00 MB reserved,      44.00 MB (100%) committed 
      Class space:        1.00 GB reserved,       6.75 MB ( <1%) committed 
             Both:        1.04 GB reserved,      50.75 MB (  5%) committed 

Chunk freelists:
   Non-Class:  14.00 KB
       Class:  0 bytes
        Both:  14.00 KB

MaxMetaspaceSize: 17179869184.00 GB
CompressedClassSpaceSize: 1.00 GB

CodeHeap 'non-profiled nmethods': size=120000Kb used=2251Kb max_used=2251Kb free=117748Kb
 bounds [0x000001cbf6960000, 0x000001cbf6bd0000, 0x000001cbfde90000]
CodeHeap 'profiled nmethods': size=120000Kb used=10566Kb max_used=10566Kb free=109433Kb
 bounds [0x000001cbef430000, 0x000001cbefe90000, 0x000001cbf6960000]
CodeHeap 'non-nmethods': size=5760Kb used=2225Kb max_used=2254Kb free=3534Kb
 bounds [0x000001cbeee90000, 0x000001cbef100000, 0x000001cbef430000]
 total_blobs=6144 nmethods=5345 adapters=710
 compilation: enabled
              stopped_count=0, restarted_count=0
 full_count=0

Compilation events (20 events):
Event: 7.758 Thread 0x000001cb85046000 5371       3       sun.util.locale.InternalLocaleBuilder::setLanguageTag (172 bytes)
Event: 7.761 Thread 0x000001cb85046000 nmethod 5371 0x000001cbefe58510 code [0x000001cbefe58b00, 0x000001cbefe5c468]
Event: 7.761 Thread 0x000001cb85046000 5372       3       sun.util.locale.InternalLocaleBuilder::clear (31 bytes)
Event: 7.762 Thread 0x000001cb85046000 nmethod 5372 0x000001cbefe5d310 code [0x000001cbefe5d4e0, 0x000001cbefe5d7e8]
Event: 7.762 Thread 0x000001cb85046000 5373       3       sun.util.locale.LanguageTag::getExtlangs (24 bytes)
Event: 7.762 Thread 0x000001cb85046000 nmethod 5373 0x000001cbefe5d890 code [0x000001cbefe5db00, 0x000001cbefe5e608]
Event: 7.762 Thread 0x000001cb85046000 5374       3       sun.util.locale.InternalLocaleBuilder::setExtensions (206 bytes)
Event: 7.765 Thread 0x000001cb85046000 nmethod 5374 0x000001cbefe5e910 code [0x000001cbefe5edc0, 0x000001cbefe61258]
Event: 7.765 Thread 0x000001cb85046000 5375       3       sun.util.locale.LocaleUtils::isEmpty (19 bytes)
Event: 7.765 Thread 0x000001cb85046000 nmethod 5375 0x000001cbefe61e10 code [0x000001cbefe61fe0, 0x000001cbefe62208]
Event: 7.765 Thread 0x000001cb85046000 5365       3       sun.util.locale.LanguageTag::isScript (21 bytes)
Event: 7.766 Thread 0x000001cb85046000 nmethod 5365 0x000001cbefe62310 code [0x000001cbefe62560, 0x000001cbefe62ed8]
Event: 7.766 Thread 0x000001cb85046000 5383       3       java.lang.invoke.InnerClassLambdaMetafactory::spinInnerClass (521 bytes)
Event: 7.769 Thread 0x000001cb85046000 nmethod 5383 0x000001cbefe63210 code [0x000001cbefe63720, 0x000001cbefe65c98]
Event: 7.769 Thread 0x000001cb85046000 5366       3       sun.util.locale.LanguageTag::isExtlang (21 bytes)
Event: 7.769 Thread 0x000001cb85046000 nmethod 5366 0x000001cbefe66b90 code [0x000001cbefe66de0, 0x000001cbefe67758]
Event: 7.769 Thread 0x000001cb85046000 5377       3       sun.util.locale.LanguageTag::isRegion (36 bytes)
Event: 7.771 Thread 0x000001cb85046000 nmethod 5377 0x000001cbefe67a90 code [0x000001cbefe67d80, 0x000001cbefe68ef8]
Event: 7.771 Thread 0x000001cb85046000 5381       1       java.util.Calendar::getZone (5 bytes)
Event: 7.771 Thread 0x000001cb85046000 nmethod 5381 0x000001cbf6b91590 code [0x000001cbf6b91740, 0x000001cbf6b917f8]

GC Heap History (18 events):
Event: 0.971 GC heap before
{Heap before GC invocations=0 (full 0):
 garbage-first heap   total 129024K, used 29696K [0x00000000a0000000, 0x0000000100000000)
  region size 1024K, 24 young (24576K), 0 survivors (0K)
 Metaspace       used 10199K, capacity 10367K, committed 10624K, reserved 1058816K
  class space    used 1064K, capacity 1141K, committed 1152K, reserved 1048576K
}
Event: 0.981 GC heap after
{Heap after GC invocations=1 (full 0):
 garbage-first heap   total 129024K, used 9326K [0x00000000a0000000, 0x0000000100000000)
  region size 1024K, 3 young (3072K), 3 survivors (3072K)
 Metaspace       used 10199K, capacity 10367K, committed 10624K, reserved 1058816K
  class space    used 1064K, capacity 1141K, committed 1152K, reserved 1048576K
}
Event: 1.462 GC heap before
{Heap before GC invocations=1 (full 0):
 garbage-first heap   total 129024K, used 31854K [0x00000000a0000000, 0x0000000100000000)
  region size 1024K, 25 young (25600K), 3 survivors (3072K)
 Metaspace       used 11107K, capacity 11384K, committed 11520K, reserved 1058816K
  class space    used 1165K, capacity 1245K, committed 1280K, reserved 1048576K
}
Event: 1.468 GC heap after
{Heap after GC invocations=2 (full 0):
 garbage-first heap   total 129024K, used 9737K [0x00000000a0000000, 0x0000000100000000)
  region size 1024K, 1 young (1024K), 1 survivors (1024K)
 Metaspace       used 11107K, capacity 11384K, committed 11520K, reserved 1058816K
  class space    used 1165K, capacity 1245K, committed 1280K, reserved 1048576K
}
Event: 2.781 GC heap before
{Heap before GC invocations=2 (full 0):
 garbage-first heap   total 129024K, used 67081K [0x00000000a0000000, 0x0000000100000000)
  region size 1024K, 57 young (58368K), 1 survivors (1024K)
 Metaspace       used 18520K, capacity 18905K, committed 19072K, reserved 1067008K
  class space    used 2222K, capacity 2353K, committed 2432K, reserved 1048576K
}
Event: 2.786 GC heap after
{Heap after GC invocations=3 (full 0):
 garbage-first heap   total 129024K, used 15807K [0x00000000a0000000, 0x0000000100000000)
  region size 1024K, 7 young (7168K), 7 survivors (7168K)
 Metaspace       used 18520K, capacity 18905K, committed 19072K, reserved 1067008K
  class space    used 2222K, capacity 2353K, committed 2432K, reserved 1048576K
}
Event: 3.068 GC heap before
{Heap before GC invocations=3 (full 0):
 garbage-first heap   total 129024K, used 32191K [0x00000000a0000000, 0x0000000100000000)
  region size 1024K, 24 young (24576K), 7 survivors (7168K)
 Metaspace       used 20645K, capacity 21126K, committed 21248K, reserved 1067008K
  class space    used 2532K, capacity 2717K, committed 2816K, reserved 1048576K
}
Event: 3.076 GC heap after
{Heap after GC invocations=4 (full 0):
 garbage-first heap   total 129024K, used 16706K [0x00000000a0000000, 0x0000000100000000)
  region size 1024K, 1 young (1024K), 1 survivors (1024K)
 Metaspace       used 20645K, capacity 21126K, committed 21248K, reserved 1067008K
  class space    used 2532K, capacity 2717K, committed 2816K, reserved 1048576K
}
Event: 3.666 GC heap before
{Heap before GC invocations=5 (full 0):
 garbage-first heap   total 129024K, used 73026K [0x00000000a0000000, 0x0000000100000000)
  region size 1024K, 56 young (57344K), 1 survivors (1024K)
 Metaspace       used 26000K, capacity 26551K, committed 26752K, reserved 1073152K
  class space    used 3411K, capacity 3638K, committed 3712K, reserved 1048576K
}
Event: 3.669 GC heap after
{Heap after GC invocations=6 (full 0):
 garbage-first heap   total 129024K, used 18368K [0x00000000a0000000, 0x0000000100000000)
  region size 1024K, 3 young (3072K), 3 survivors (3072K)
 Metaspace       used 26000K, capacity 26551K, committed 26752K, reserved 1073152K
  class space    used 3411K, capacity 3638K, committed 3712K, reserved 1048576K
}
Event: 4.400 GC heap before
{Heap before GC invocations=6 (full 0):
 garbage-first heap   total 129024K, used 69568K [0x00000000a0000000, 0x0000000100000000)
  region size 1024K, 55 young (56320K), 3 survivors (3072K)
 Metaspace       used 34995K, capacity 35733K, committed 35840K, reserved 1081344K
  class space    used 4513K, capacity 4782K, committed 4864K, reserved 1048576K
}
Event: 4.410 GC heap after
{Heap after GC invocations=7 (full 0):
 garbage-first heap   total 129024K, used 23645K [0x00000000a0000000, 0x0000000100000000)
  region size 1024K, 8 young (8192K), 8 survivors (8192K)
 Metaspace       used 34995K, capacity 35733K, committed 35840K, reserved 1081344K
  class space    used 4513K, capacity 4782K, committed 4864K, reserved 1048576K
}
Event: 4.998 GC heap before
{Heap before GC invocations=8 (full 0):
 garbage-first heap   total 129024K, used 86109K [0x00000000a0000000, 0x0000000100000000)
  region size 1024K, 66 young (67584K), 8 survivors (8192K)
 Metaspace       used 39020K, capacity 39979K, committed 40192K, reserved 1083392K
  class space    used 4969K, capacity 5314K, committed 5376K, reserved 1048576K
}
Event: 5.007 GC heap after
{Heap after GC invocations=9 (full 0):
 garbage-first heap   total 129024K, used 26674K [0x00000000a0000000, 0x0000000100000000)
  region size 1024K, 5 young (5120K), 5 survivors (5120K)
 Metaspace       used 39020K, capacity 39979K, committed 40192K, reserved 1083392K
  class space    used 4969K, capacity 5314K, committed 5376K, reserved 1048576K
}
Event: 5.565 GC heap before
{Heap before GC invocations=9 (full 0):
 garbage-first heap   total 129024K, used 87090K [0x00000000a0000000, 0x0000000100000000)
  region size 1024K, 64 young (65536K), 5 survivors (5120K)
 Metaspace       used 43695K, capacity 44757K, committed 44928K, reserved 1087488K
  class space    used 5582K, capacity 5946K, committed 6016K, reserved 1048576K
}
Event: 5.572 GC heap after
{Heap after GC invocations=10 (full 0):
 garbage-first heap   total 155648K, used 29481K [0x00000000a0000000, 0x0000000100000000)
  region size 1024K, 8 young (8192K), 8 survivors (8192K)
 Metaspace       used 43695K, capacity 44757K, committed 44928K, reserved 1087488K
  class space    used 5582K, capacity 5946K, committed 6016K, reserved 1048576K
}
Event: 7.483 GC heap before
{Heap before GC invocations=10 (full 0):
 garbage-first heap   total 155648K, used 118569K [0x00000000a0000000, 0x0000000100000000)
  region size 1024K, 87 young (89088K), 8 survivors (8192K)
 Metaspace       used 48541K, capacity 49861K, committed 49920K, reserved 1093632K
  class space    used 6179K, capacity 6641K, committed 6656K, reserved 1048576K
}
Event: 7.499 GC heap after
{Heap after GC invocations=11 (full 0):
 garbage-first heap   total 155648K, used 47490K [0x00000000a0000000, 0x0000000100000000)
  region size 1024K, 11 young (11264K), 11 survivors (11264K)
 Metaspace       used 48541K, capacity 49861K, committed 49920K, reserved 1093632K
  class space    used 6179K, capacity 6641K, committed 6656K, reserved 1048576K
}

Deoptimization events (20 events):
Event: 7.447 Thread 0x000001cb8613f800 Uncommon trap: trap_request=0xffffff4d fr.pc=0x000001cbf6af5b24 relative=0x0000000000000164
Event: 7.447 Thread 0x000001cb8613f800 Uncommon trap: reason=unstable_if action=reinterpret pc=0x000001cbf6af5b24 method=java.io.BufferedInputStream.read1([BII)I @ 22 c2
Event: 7.447 Thread 0x000001cb8613f800 DEOPT PACKING pc=0x000001cbf6af5b24 sp=0x00000076ed3f2e10
Event: 7.447 Thread 0x000001cb8613f800 DEOPT UNPACKING pc=0x000001cbeeeb78af sp=0x00000076ed3f2dc8 mode 2
Event: 7.449 Thread 0x000001cb8613f800 Uncommon trap: trap_request=0xffffff4d fr.pc=0x000001cbf6a20174 relative=0x0000000000000054
Event: 7.449 Thread 0x000001cb8613f800 Uncommon trap: reason=unstable_if action=reinterpret pc=0x000001cbf6a20174 method=java.util.regex.Pattern.has(I)Z @ 6 c2
Event: 7.449 Thread 0x000001cb8613f800 DEOPT PACKING pc=0x000001cbf6a20174 sp=0x00000076ed3f1ea0
Event: 7.449 Thread 0x000001cb8613f800 DEOPT UNPACKING pc=0x000001cbeeeb78af sp=0x00000076ed3f1e30 mode 2
Event: 7.505 Thread 0x000001cb8613f800 Uncommon trap: trap_request=0xffffff45 fr.pc=0x000001cbf6ae69b8 relative=0x0000000000001118
Event: 7.505 Thread 0x000001cb8613f800 Uncommon trap: reason=unstable_fused_if action=reinterpret pc=0x000001cbf6ae69b8 method=org.objectweb.asm.ByteVector.putUTF8(Ljava/lang/String;)Lorg/objectweb/asm/ByteVector; @ 93 c2
Event: 7.505 Thread 0x000001cb8613f800 DEOPT PACKING pc=0x000001cbf6ae69b8 sp=0x00000076ed3f3940
Event: 7.505 Thread 0x000001cb8613f800 DEOPT UNPACKING pc=0x000001cbeeeb78af sp=0x00000076ed3f38b8 mode 2
Event: 7.541 Thread 0x000001cb8613f800 Uncommon trap: trap_request=0xffffff45 fr.pc=0x000001cbf6ac0a74 relative=0x0000000000000214
Event: 7.541 Thread 0x000001cb8613f800 Uncommon trap: reason=unstable_fused_if action=reinterpret pc=0x000001cbf6ac0a74 method=org.objectweb.asm.ByteVector.putUTF8(Ljava/lang/String;)Lorg/objectweb/asm/ByteVector; @ 93 c2
Event: 7.541 Thread 0x000001cb8613f800 DEOPT PACKING pc=0x000001cbf6ac0a74 sp=0x00000076ed3f3c80
Event: 7.541 Thread 0x000001cb8613f800 DEOPT UNPACKING pc=0x000001cbeeeb78af sp=0x00000076ed3f3c00 mode 2
Event: 7.580 Thread 0x000001cb8613f800 DEOPT PACKING pc=0x000001cbefe30d29 sp=0x00000076ed3f2d00
Event: 7.580 Thread 0x000001cb8613f800 DEOPT UNPACKING pc=0x000001cbeeeb76ce sp=0x00000076ed3f2210 mode 0
Event: 7.636 Thread 0x000001cb8613f800 DEOPT PACKING pc=0x000001cbefe30d29 sp=0x00000076ed3f2a50
Event: 7.636 Thread 0x000001cb8613f800 DEOPT UNPACKING pc=0x000001cbeeeb76ce sp=0x00000076ed3f1f60 mode 0

Classes redefined (0 events):
No events

Internal exceptions (20 events):
Event: 7.047 Thread 0x000001cb8613f800 Exception <a 'java/security/PrivilegedActionException'{0x00000000a5dc1408}> (0x00000000a5dc1408) thrown at [./src/hotspot/share/prims/jvm.cpp, line 1306]
Event: 7.047 Thread 0x000001cb8613f800 Exception <a 'java/security/PrivilegedActionException'{0x00000000a5dc5020}> (0x00000000a5dc5020) thrown at [./src/hotspot/share/prims/jvm.cpp, line 1306]
Event: 7.047 Thread 0x000001cb8613f800 Exception <a 'java/security/PrivilegedActionException'{0x00000000a5dc6ad8}> (0x00000000a5dc6ad8) thrown at [./src/hotspot/share/prims/jvm.cpp, line 1306]
Event: 7.080 Thread 0x000001cb8613f800 Exception <a 'java/security/PrivilegedActionException'{0x00000000a5c8f618}> (0x00000000a5c8f618) thrown at [./src/hotspot/share/prims/jvm.cpp, line 1306]
Event: 7.080 Thread 0x000001cb8613f800 Exception <a 'java/security/PrivilegedActionException'{0x00000000a5c910d0}> (0x00000000a5c910d0) thrown at [./src/hotspot/share/prims/jvm.cpp, line 1306]
Event: 7.081 Thread 0x000001cb8613f800 Exception <a 'java/security/PrivilegedActionException'{0x00000000a5c94ce8}> (0x00000000a5c94ce8) thrown at [./src/hotspot/share/prims/jvm.cpp, line 1306]
Event: 7.081 Thread 0x000001cb8613f800 Exception <a 'java/security/PrivilegedActionException'{0x00000000a5c967a0}> (0x00000000a5c967a0) thrown at [./src/hotspot/share/prims/jvm.cpp, line 1306]
Event: 7.081 Thread 0x000001cb8613f800 Exception <a 'java/security/PrivilegedActionException'{0x00000000a5c9a470}> (0x00000000a5c9a470) thrown at [./src/hotspot/share/prims/jvm.cpp, line 1306]
Event: 7.081 Thread 0x000001cb8613f800 Exception <a 'java/security/PrivilegedActionException'{0x00000000a5c9bf28}> (0x00000000a5c9bf28) thrown at [./src/hotspot/share/prims/jvm.cpp, line 1306]
Event: 7.081 Thread 0x000001cb8613f800 Exception <a 'java/security/PrivilegedActionException'{0x00000000a5c9fb48}> (0x00000000a5c9fb48) thrown at [./src/hotspot/share/prims/jvm.cpp, line 1306]
Event: 7.081 Thread 0x000001cb8613f800 Exception <a 'java/security/PrivilegedActionException'{0x00000000a5ca1600}> (0x00000000a5ca1600) thrown at [./src/hotspot/share/prims/jvm.cpp, line 1306]
Event: 7.081 Thread 0x000001cb8613f800 Exception <a 'java/security/PrivilegedActionException'{0x00000000a5ca5270}> (0x00000000a5ca5270) thrown at [./src/hotspot/share/prims/jvm.cpp, line 1306]
Event: 7.081 Thread 0x000001cb8613f800 Exception <a 'java/security/PrivilegedActionException'{0x00000000a5ca6d28}> (0x00000000a5ca6d28) thrown at [./src/hotspot/share/prims/jvm.cpp, line 1306]
Event: 7.081 Thread 0x000001cb8613f800 Exception <a 'java/security/PrivilegedActionException'{0x00000000a5caa9f8}> (0x00000000a5caa9f8) thrown at [./src/hotspot/share/prims/jvm.cpp, line 1306]
Event: 7.081 Thread 0x000001cb8613f800 Exception <a 'java/security/PrivilegedActionException'{0x00000000a5cac4b0}> (0x00000000a5cac4b0) thrown at [./src/hotspot/share/prims/jvm.cpp, line 1306]
Event: 7.246 Thread 0x000001cb8613f800 Exception <a 'java/lang/ClassNotFoundException'{0x00000000a565a1b0}: build_dmwf2llpx0ghj50b3o5u6v24bBeanInfo> (0x00000000a565a1b0) thrown at [./src/hotspot/share/classfile/systemDictionary.cpp, line 231]
Event: 7.246 Thread 0x000001cb8613f800 Exception <a 'java/lang/ClassNotFoundException'{0x00000000a566aba0}: build_dmwf2llpx0ghj50b3o5u6v24bCustomizer> (0x00000000a566aba0) thrown at [./src/hotspot/share/classfile/systemDictionary.cpp, line 231]
Event: 7.472 Thread 0x000001cb8613f800 Exception <a 'java/lang/NoSuchMethodError'{0x00000000a498e5b8}: 'java.lang.Object java.lang.invoke.DirectMethodHandle$Holder.invokeStatic(java.lang.Object, java.lang.Object, java.lang.Object, java.lang.Object, int)'> (0x00000000a498e5b8) thrown at [./src/hotspot/share/interpreter/linkResolver.cpp, line 773]
Event: 7.472 Thread 0x000001cb8613f800 Exception <a 'java/lang/NoSuchMethodError'{0x00000000a49937a8}: 'java.lang.Object java.lang.invoke.DirectMethodHandle$Holder.invokeSpecial(java.lang.Object, java.lang.Object, java.lang.Object, java.lang.Object, java.lang.Object, int)'> (0x00000000a49937a8) thrown at [./src/hotspot/share/interpreter/linkResolver.cpp, line 773]
Event: 7.472 Thread 0x000001cb8613f800 Exception <a 'java/lang/NoSuchMethodError'{0x00000000a49985e0}: 'java.lang.Object java.lang.invoke.Invokers$Holder.linkToTargetMethod(java.lang.Object, java.lang.Object, java.lang.Object, int, java.lang.Object)'> (0x00000000a49985e0) thrown at [./src/hotspot/share/interpreter/linkResolver.cpp, line 773]

Events (20 events):
Event: 7.765 loading class org/gradle/api/internal/provider/DefaultProvider
Event: 7.765 loading class org/gradle/api/internal/provider/DefaultProvider done
Event: 7.767 loading class com/android/build/gradle/options/SyncOptions$EvaluationMode
Event: 7.767 loading class com/android/build/gradle/options/SyncOptions$EvaluationMode done
Event: 7.768 loading class com/android/build/gradle/options/SyncOptions$ErrorFormatMode
Event: 7.768 loading class com/android/build/gradle/options/SyncOptions$ErrorFormatMode done
Event: 7.768 loading class com/google/common/collect/Maps
Event: 7.768 loading class com/google/common/collect/Maps done
Event: 7.771 loading class com/google/common/collect/ImmutableEnumMap
Event: 7.771 loading class com/google/common/collect/ImmutableEnumMap done
Event: 7.772 loading class com/google/common/base/Converter
Event: 7.772 loading class com/google/common/base/Converter done
Event: 7.773 loading class com/google/common/collect/Maps$BiMapConverter
Event: 7.773 loading class com/google/common/collect/Maps$BiMapConverter done
Event: 7.774 loading class com/google/common/collect/Maps$EntryTransformer
Event: 7.774 loading class com/google/common/collect/Maps$EntryTransformer done
Event: 7.774 loading class com/google/common/collect/SortedMapDifference
Event: 7.774 loading class com/google/common/collect/SortedMapDifference done
Event: 7.774 loading class com/google/common/collect/MapDifference
Event: 7.774 loading class com/google/common/collect/MapDifference done


Dynamic libraries:
0x00007ff6df140000 - 0x00007ff6df14a000 	C:\Program Files\Android\Android Studio\jre\bin\java.exe
0x00007fff1dde0000 - 0x00007fff1dfe7000 	C:\WINDOWS\SYSTEM32\ntdll.dll
0x00007fff1dce0000 - 0x00007fff1dd9d000 	C:\WINDOWS\System32\KERNEL32.DLL
0x00007fff1b2d0000 - 0x00007fff1b644000 	C:\WINDOWS\System32\KERNELBASE.dll
0x00007fff1b980000 - 0x00007fff1ba91000 	C:\WINDOWS\System32\ucrtbase.dll
0x00007fff12dd0000 - 0x00007fff12de7000 	C:\Program Files\Android\Android Studio\jre\bin\VCRUNTIME140.dll
0x00007fff12620000 - 0x00007fff12639000 	C:\Program Files\Android\Android Studio\jre\bin\jli.dll
0x00007fff1c120000 - 0x00007fff1c2cc000 	C:\WINDOWS\System32\USER32.dll
0x00007fff1b830000 - 0x00007fff1b856000 	C:\WINDOWS\System32\win32u.dll
0x00007fff01100000 - 0x00007fff013a5000 	C:\WINDOWS\WinSxS\amd64_microsoft.windows.common-controls_6595b64144ccf1df_6.0.22000.120_none_9d947278b86cc467\COMCTL32.dll
0x00007fff1c620000 - 0x00007fff1c6c3000 	C:\WINDOWS\System32\msvcrt.dll
0x00007fff1c570000 - 0x00007fff1c599000 	C:\WINDOWS\System32\GDI32.dll
0x00007fff1b860000 - 0x00007fff1b972000 	C:\WINDOWS\System32\gdi32full.dll
0x00007fff1bb20000 - 0x00007fff1bbbd000 	C:\WINDOWS\System32\msvcp_win.dll
0x00007fff1dc80000 - 0x00007fff1dcb1000 	C:\WINDOWS\System32\IMM32.DLL
0x00007ffeffe80000 - 0x00007ffefff1d000 	C:\Program Files\Android\Android Studio\jre\bin\msvcp140.dll
0x00007ffedb980000 - 0x00007ffedc44f000 	C:\Program Files\Android\Android Studio\jre\bin\server\jvm.dll
0x00007fff1c4c0000 - 0x00007fff1c56e000 	C:\WINDOWS\System32\ADVAPI32.dll
0x00007fff1c330000 - 0x00007fff1c3ce000 	C:\WINDOWS\System32\sechost.dll
0x00007fff1bc80000 - 0x00007fff1bda0000 	C:\WINDOWS\System32\RPCRT4.dll
0x00007fff1c5a0000 - 0x00007fff1c5a8000 	C:\WINDOWS\System32\PSAPI.DLL
0x00007ffecae90000 - 0x00007ffecae99000 	C:\WINDOWS\SYSTEM32\WSOCK32.dll
0x00007fff15a10000 - 0x00007fff15a43000 	C:\WINDOWS\SYSTEM32\WINMM.dll
0x00007fff13390000 - 0x00007fff1339a000 	C:\WINDOWS\SYSTEM32\VERSION.dll
0x00007fff1c5b0000 - 0x00007fff1c61f000 	C:\WINDOWS\System32\WS2_32.dll
0x00007fff1a3d0000 - 0x00007fff1a3e8000 	C:\WINDOWS\SYSTEM32\kernel.appcore.dll
0x00007fff12600000 - 0x00007fff12611000 	C:\Program Files\Android\Android Studio\jre\bin\verify.dll
0x00007fff18e80000 - 0x00007fff190a1000 	C:\WINDOWS\SYSTEM32\DBGHELP.DLL
0x00007fff12c60000 - 0x00007fff12c91000 	C:\WINDOWS\SYSTEM32\dbgcore.DLL
0x00007fff1baa0000 - 0x00007fff1bb1f000 	C:\WINDOWS\System32\bcryptPrimitives.dll
0x00007fff11c00000 - 0x00007fff11c29000 	C:\Program Files\Android\Android Studio\jre\bin\java.dll
0x00007fff12dc0000 - 0x00007fff12dcb000 	C:\Program Files\Android\Android Studio\jre\bin\jimage.dll
0x00007fff125e0000 - 0x00007fff125f8000 	C:\Program Files\Android\Android Studio\jre\bin\zip.dll
0x00007fff1ce80000 - 0x00007fff1d62e000 	C:\WINDOWS\System32\SHELL32.dll
0x00007fff19440000 - 0x00007fff19ca7000 	C:\WINDOWS\SYSTEM32\windows.storage.dll
0x00007fff1bda0000 - 0x00007fff1c118000 	C:\WINDOWS\System32\combase.dll
0x00007fff192d0000 - 0x00007fff19436000 	C:\WINDOWS\SYSTEM32\wintypes.dll
0x00007fff1c880000 - 0x00007fff1c96a000 	C:\WINDOWS\System32\SHCORE.dll
0x00007fff1c2d0000 - 0x00007fff1c32d000 	C:\WINDOWS\System32\shlwapi.dll
0x00007fff1b200000 - 0x00007fff1b221000 	C:\WINDOWS\SYSTEM32\profapi.dll
0x00007fff117f0000 - 0x00007fff1180a000 	C:\Program Files\Android\Android Studio\jre\bin\net.dll
0x00007fff148f0000 - 0x00007fff149fc000 	C:\WINDOWS\SYSTEM32\WINHTTP.dll
0x00007fff1a800000 - 0x00007fff1a867000 	C:\WINDOWS\system32\mswsock.dll
0x00007fff115a0000 - 0x00007fff115b4000 	C:\Program Files\Android\Android Studio\jre\bin\nio.dll
0x00007fff0f7a0000 - 0x00007fff0f7c7000 	C:\Users\sivan\.gradle\native\8bec1ad78214c89d9ad589b4d07fe93259594b29d510b10fafb7a158f7737e5d\windows-amd64\native-platform.dll
0x00007ffef6d60000 - 0x00007ffef6e9d000 	C:\Users\sivan\.gradle\native\53dbd7edfb1c66fb8903c78663c9afc45aea4f116125fa6feffd364cf09443e8\windows-amd64\native-platform-file-events.dll
0x00007fff11b40000 - 0x00007fff11b4a000 	C:\Program Files\Android\Android Studio\jre\bin\management.dll
0x00007fff11590000 - 0x00007fff1159c000 	C:\Program Files\Android\Android Studio\jre\bin\management_ext.dll
0x00007fff1aab0000 - 0x00007fff1aac8000 	C:\WINDOWS\SYSTEM32\CRYPTSP.dll
0x00007fff1a330000 - 0x00007fff1a365000 	C:\WINDOWS\system32\rsaenh.dll
0x00007fff1a8f0000 - 0x00007fff1a919000 	C:\WINDOWS\SYSTEM32\USERENV.dll
0x00007fff1ac30000 - 0x00007fff1ac57000 	C:\WINDOWS\SYSTEM32\bcrypt.dll
0x00007fff1ab70000 - 0x00007fff1ab7c000 	C:\WINDOWS\SYSTEM32\CRYPTBASE.dll
0x00007fff19f00000 - 0x00007fff19f2d000 	C:\WINDOWS\SYSTEM32\IPHLPAPI.DLL
0x00007fff1c970000 - 0x00007fff1c979000 	C:\WINDOWS\System32\NSI.dll
0x00007fff153d0000 - 0x00007fff153e9000 	C:\WINDOWS\SYSTEM32\dhcpcsvc6.DLL
0x00007fff15450000 - 0x00007fff1546e000 	C:\WINDOWS\SYSTEM32\dhcpcsvc.DLL
0x00007fff19f70000 - 0x00007fff1a057000 	C:\WINDOWS\SYSTEM32\DNSAPI.dll

dbghelp: loaded successfully - version: 4.0.5 - missing functions: none
symbol engine: initialized successfully - sym options: 0x614 - pdb path: .;C:\Program Files\Android\Android Studio\jre\bin;C:\WINDOWS\SYSTEM32;C:\WINDOWS\WinSxS\amd64_microsoft.windows.common-controls_6595b64144ccf1df_6.0.22000.120_none_9d947278b86cc467;C:\Program Files\Android\Android Studio\jre\bin\server;C:\Users\sivan\.gradle\native\8bec1ad78214c89d9ad589b4d07fe93259594b29d510b10fafb7a158f7737e5d\windows-amd64;C:\Users\sivan\.gradle\native\53dbd7edfb1c66fb8903c78663c9afc45aea4f116125fa6feffd364cf09443e8\windows-amd64

VM Arguments:
jvm_args: --add-opens=java.base/java.util=ALL-UNNAMED --add-opens=java.base/java.lang=ALL-UNNAMED --add-opens=java.base/java.lang.invoke=ALL-UNNAMED --add-opens=java.base/java.util=ALL-UNNAMED --add-opens=java.prefs/java.util.prefs=ALL-UNNAMED --add-opens=java.prefs/java.util.prefs=ALL-UNNAMED --add-opens=java.base/java.nio.charset=ALL-UNNAMED --add-opens=java.base/java.net=ALL-UNNAMED --add-opens=java.base/java.util.concurrent.atomic=ALL-UNNAMED -Xmx1536M -Dfile.encoding=windows-1252 -Duser.country=IN -Duser.language=en -Duser.variant 
java_command: org.gradle.launcher.daemon.bootstrap.GradleDaemon 7.0.2
java_class_path (initial): C:\Users\sivan\.gradle\wrapper\dists\gradle-7.0.2-all\7era6s5ay7zsbhuvl0oc9g94s\gradle-7.0.2\lib\gradle-launcher-7.0.2.jar
Launcher Type: SUN_STANDARD

[Global flags]
     intx CICompilerCount                          = 4                                         {product} {ergonomic}
     uint ConcGCThreads                            = 2                                         {product} {ergonomic}
     uint G1ConcRefinementThreads                  = 8                                         {product} {ergonomic}
   size_t G1HeapRegionSize                         = 1048576                                   {product} {ergonomic}
    uintx GCDrainStackTargetSize                   = 64                                        {product} {ergonomic}
   size_t InitialHeapSize                          = 132120576                                 {product} {ergonomic}
   size_t MarkStackSize                            = 4194304                                   {product} {ergonomic}
   size_t MaxHeapSize                              = 1610612736                                {product} {command line}
   size_t MaxNewSize                               = 965738496                                 {product} {ergonomic}
   size_t MinHeapDeltaBytes                        = 1048576                                   {product} {ergonomic}
    uintx NonNMethodCodeHeapSize                   = 5836300                                {pd product} {ergonomic}
    uintx NonProfiledCodeHeapSize                  = 122910970                              {pd product} {ergonomic}
    uintx ProfiledCodeHeapSize                     = 122910970                              {pd product} {ergonomic}
    uintx ReservedCodeCacheSize                    = 251658240                              {pd product} {ergonomic}
     bool SegmentedCodeCache                       = true                                      {product} {ergonomic}
     bool UseCompressedClassPointers               = true                                 {lp64_product} {ergonomic}
     bool UseCompressedOops                        = true                                 {lp64_product} {ergonomic}
     bool UseG1GC                                  = true                                      {product} {ergonomic}
     bool UseLargePagesIndividualAllocation        = false                                  {pd product} {ergonomic}

Logging:
Log output configuration:
 #0: stdout all=warning uptime,level,tags
 #1: stderr all=off uptime,level,tags

Environment Variables:
JAVA_HOME=C:\Program Files\Android\Android Studio\jre
CLASSPATH=C:\Users\sivan\Desktop\flutter\imin\android\\gradle\wrapper\gradle-wrapper.jar
PATH=C:\Program Files (x86)\Common Files\Intel\Shared Libraries\redist\intel64\compiler;C:\WINDOWS\system32;C:\WINDOWS;C:\WINDOWS\System32\Wbem;C:\WINDOWS\System32\WindowsPowerShell\v1.0\;C:\WINDOWS\System32\OpenSSH\;C:\Users\sivan\AppData\Local\Programs\Python\Python38\Scripts\;C:\Users\sivan\AppData\Local\Programs\Python\Python38\;C:\Users\sivan\AppData\Local\Microsoft\WindowsApps;C:\Users\sivan\AppData\Local\Programs\Microsoft VS Code\bin;C:\flutter\bin;C:\dart-sdk\bin;C:\Program Files\Java\jdk-14.0.1\bin;C:\Program Files\JetBrains\PyCharm Community Edition 2020.1.1\bin;C:\adb;C:\WINDOWS\system32;C:\WINDOWS;C:\WINDOWS\System32\Wbem;C:\WINDOWS\System32\WindowsPowerShell\v1.0\;C:\WINDOWS\System32\OpenSSH\;C:\Program Files\Git\cmd;C:\Program Files\nodejs\;C:\ProgramData\chocolatey\bin;C:\Program Files\dotnet\;C:\Users\sivan\AppData\Local\Microsoft\WindowsApps;C:\Users\sivan\AppData\Local\Programs\Microsoft VS Code\bin;C:\flutter\bin;C:\dart-sdk\bin;C:\Program Files\Java\jdk-14.0.1\bin;C:\Program Files\JetBrains\PyCharm Community Edition 2020.1.1\bin;;C:\Users\sivan\AppData\Local\Microsoft\WindowsApps;C:\Users\sivan\AppData\Roaming\npm;C:\flutter\bin\mingit\cmd
USERNAME=sivan
OS=Windows_NT
PROCESSOR_IDENTIFIER=Intel64 Family 6 Model 142 Stepping 12, GenuineIntel



---------------  S Y S T E M  ---------------

OS: Windows 10 , 64 bit Build 22000 (10.0.22000.434)
OS uptime: 0 days 4:50 hours

CPU:total 8 (initial active 8) (4 cores per cpu, 2 threads per core) family 6 model 142 stepping 12 microcode 0xde, cmov, cx8, fxsr, mmx, sse, sse2, sse3, ssse3, sse4.1, sse4.2, popcnt, avx, avx2, aes, clmul, erms, 3dnowpref, lzcnt, ht, tsc, tscinvbit, bmi1, bmi2, adx, fma

Memory: 4k page, system-wide physical 8043M (66M free)
TotalPageFile size 32619M (AvailPageFile size 7M)
current process WorkingSet (physical memory assigned to process): 228M, peak: 274M
current process commit charge ("private bytes"): 353M, peak: 353M

vm_info: OpenJDK 64-Bit Server VM (11.0.10+0-b96-7249189) for windows-amd64 JRE (11.0.10+0-b96-7249189), built on Mar 31 2021 21:44:00 by "builder" with MS VC++ 14.0 (VS2015)

END.
